{"C:\\Users\\Claudio\\Documents\\nodejs\\07-NOC\\src\\config\\plugins\\envs.plugins.ts": {"path":"C:\\Users\\Claudio\\Documents\\nodejs\\07-NOC\\src\\config\\plugins\\envs.plugins.ts","all":false,"statementMap":{"0":{"start":{"line":1,"column":0},"end":{"line":1,"column":23}},"1":{"start":{"line":2,"column":0},"end":{"line":2,"column":31}},"2":{"start":{"line":3,"column":0},"end":{"line":3,"column":0}},"3":{"start":{"line":4,"column":0},"end":{"line":4,"column":21}},"4":{"start":{"line":5,"column":0},"end":{"line":5,"column":52}},"5":{"start":{"line":6,"column":0},"end":{"line":6,"column":68}},"6":{"start":{"line":7,"column":0},"end":{"line":7,"column":69}},"7":{"start":{"line":8,"column":0},"end":{"line":8,"column":74}},"8":{"start":{"line":9,"column":0},"end":{"line":9,"column":46}},"9":{"start":{"line":10,"column":0},"end":{"line":10,"column":0}},"10":{"start":{"line":11,"column":0},"end":{"line":11,"column":15}},"11":{"start":{"line":12,"column":0},"end":{"line":12,"column":58}},"12":{"start":{"line":13,"column":0},"end":{"line":13,"column":66}},"13":{"start":{"line":14,"column":0},"end":{"line":14,"column":60}},"14":{"start":{"line":15,"column":0},"end":{"line":15,"column":60}},"15":{"start":{"line":16,"column":0},"end":{"line":16,"column":1}}},"s":{"0":1,"1":1,"2":1,"3":1,"4":1,"5":1,"6":1,"7":1,"8":1,"9":1,"10":1,"11":1,"12":1,"13":1,"14":1,"15":1},"branchMap":{},"b":{},"fnMap":{},"f":{}}
,"C:\\Users\\Claudio\\Documents\\nodejs\\07-NOC\\src\\data\\mongo\\index.ts": {"path":"C:\\Users\\Claudio\\Documents\\nodejs\\07-NOC\\src\\data\\mongo\\index.ts","all":false,"statementMap":{"0":{"start":{"line":1,"column":0},"end":{"line":1,"column":23}},"1":{"start":{"line":2,"column":0},"end":{"line":2,"column":35}}},"s":{"0":1,"1":1},"branchMap":{},"b":{},"fnMap":{},"f":{}}
,"C:\\Users\\Claudio\\Documents\\nodejs\\07-NOC\\src\\domain\\entities\\log.entity.ts": {"path":"C:\\Users\\Claudio\\Documents\\nodejs\\07-NOC\\src\\domain\\entities\\log.entity.ts","all":false,"statementMap":{"0":{"start":{"line":1,"column":0},"end":{"line":1,"column":0}},"1":{"start":{"line":2,"column":0},"end":{"line":2,"column":30}},"2":{"start":{"line":3,"column":0},"end":{"line":3,"column":16}},"3":{"start":{"line":4,"column":0},"end":{"line":4,"column":22}},"4":{"start":{"line":5,"column":0},"end":{"line":5,"column":18}},"5":{"start":{"line":6,"column":0},"end":{"line":6,"column":1}},"6":{"start":{"line":7,"column":0},"end":{"line":7,"column":0}},"7":{"start":{"line":8,"column":0},"end":{"line":8,"column":35}},"8":{"start":{"line":9,"column":0},"end":{"line":9,"column":35}},"9":{"start":{"line":10,"column":0},"end":{"line":10,"column":20}},"10":{"start":{"line":11,"column":0},"end":{"line":11,"column":21}},"11":{"start":{"line":12,"column":0},"end":{"line":12,"column":19}},"12":{"start":{"line":13,"column":0},"end":{"line":13,"column":1}},"13":{"start":{"line":14,"column":0},"end":{"line":14,"column":0}},"14":{"start":{"line":15,"column":0},"end":{"line":15,"column":24}},"15":{"start":{"line":16,"column":0},"end":{"line":16,"column":0}},"16":{"start":{"line":17,"column":0},"end":{"line":17,"column":42}},"17":{"start":{"line":18,"column":0},"end":{"line":18,"column":27}},"18":{"start":{"line":19,"column":0},"end":{"line":19,"column":27}},"19":{"start":{"line":20,"column":0},"end":{"line":20,"column":26}},"20":{"start":{"line":21,"column":0},"end":{"line":21,"column":0}},"21":{"start":{"line":22,"column":0},"end":{"line":22,"column":44}},"22":{"start":{"line":23,"column":0},"end":{"line":23,"column":75}},"23":{"start":{"line":24,"column":0},"end":{"line":24,"column":31}},"24":{"start":{"line":25,"column":0},"end":{"line":25,"column":27}},"25":{"start":{"line":26,"column":0},"end":{"line":26,"column":35}},"26":{"start":{"line":27,"column":0},"end":{"line":27,"column":29}},"27":{"start":{"line":28,"column":0},"end":{"line":28,"column":5}},"28":{"start":{"line":29,"column":0},"end":{"line":29,"column":0}},"29":{"start":{"line":30,"column":0},"end":{"line":30,"column":52}},"30":{"start":{"line":31,"column":0},"end":{"line":31,"column":71}},"31":{"start":{"line":32,"column":0},"end":{"line":32,"column":63}},"32":{"start":{"line":33,"column":0},"end":{"line":33,"column":0}},"33":{"start":{"line":34,"column":0},"end":{"line":34,"column":35}},"34":{"start":{"line":35,"column":0},"end":{"line":35,"column":20}},"35":{"start":{"line":36,"column":0},"end":{"line":36,"column":18}},"36":{"start":{"line":37,"column":0},"end":{"line":37,"column":43}},"37":{"start":{"line":38,"column":0},"end":{"line":38,"column":19}},"38":{"start":{"line":39,"column":0},"end":{"line":39,"column":11}},"39":{"start":{"line":40,"column":0},"end":{"line":40,"column":19}},"40":{"start":{"line":41,"column":0},"end":{"line":41,"column":0}},"41":{"start":{"line":42,"column":0},"end":{"line":42,"column":6}},"42":{"start":{"line":43,"column":0},"end":{"line":43,"column":0}},"43":{"start":{"line":44,"column":0},"end":{"line":44,"column":72}},"44":{"start":{"line":45,"column":0},"end":{"line":45,"column":61}},"45":{"start":{"line":46,"column":0},"end":{"line":46,"column":35}},"46":{"start":{"line":47,"column":0},"end":{"line":47,"column":45}},"47":{"start":{"line":48,"column":0},"end":{"line":48,"column":11}},"48":{"start":{"line":49,"column":0},"end":{"line":49,"column":19}},"49":{"start":{"line":50,"column":0},"end":{"line":50,"column":5}},"50":{"start":{"line":51,"column":0},"end":{"line":51,"column":0}},"51":{"start":{"line":52,"column":0},"end":{"line":52,"column":1}}},"s":{"0":1,"1":3,"2":3,"3":3,"4":3,"5":3,"6":1,"7":1,"8":1,"9":1,"10":1,"11":1,"12":1,"13":1,"14":1,"15":1,"16":1,"17":1,"18":1,"19":1,"20":1,"21":1,"22":13,"23":13,"24":13,"25":13,"26":13,"27":13,"28":1,"29":1,"30":4,"31":4,"32":4,"33":4,"34":4,"35":4,"36":4,"37":4,"38":4,"39":4,"40":4,"41":4,"42":1,"43":1,"44":1,"45":1,"46":1,"47":1,"48":1,"49":1,"50":1,"51":1},"branchMap":{"0":{"type":"branch","line":2,"loc":{"start":{"line":2,"column":0},"end":{"line":6,"column":1}},"locations":[{"start":{"line":2,"column":0},"end":{"line":6,"column":1}}]},"1":{"type":"branch","line":22,"loc":{"start":{"line":22,"column":4},"end":{"line":28,"column":5}},"locations":[{"start":{"line":22,"column":4},"end":{"line":28,"column":5}}]},"2":{"type":"branch","line":30,"loc":{"start":{"line":30,"column":22},"end":{"line":42,"column":6}},"locations":[{"start":{"line":30,"column":22},"end":{"line":42,"column":6}}]},"3":{"type":"branch","line":44,"loc":{"start":{"line":44,"column":24},"end":{"line":50,"column":5}},"locations":[{"start":{"line":44,"column":24},"end":{"line":50,"column":5}}]}},"b":{"0":[3],"1":[13],"2":[4],"3":[1]},"fnMap":{"0":{"name":"LogEntity","decl":{"start":{"line":22,"column":4},"end":{"line":28,"column":5}},"loc":{"start":{"line":22,"column":4},"end":{"line":28,"column":5}},"line":22},"1":{"name":"Object.<anonymous>.LogEntity.fromJson","decl":{"start":{"line":30,"column":22},"end":{"line":42,"column":6}},"loc":{"start":{"line":30,"column":22},"end":{"line":42,"column":6}},"line":30},"2":{"name":"Object.<anonymous>.LogEntity.fromObject","decl":{"start":{"line":44,"column":24},"end":{"line":50,"column":5}},"loc":{"start":{"line":44,"column":24},"end":{"line":50,"column":5}},"line":44}},"f":{"0":13,"1":4,"2":1}}
,"C:\\Users\\Claudio\\Documents\\nodejs\\07-NOC\\src\\domain\\use-cases\\email\\send-email-logs.ts": {"path":"C:\\Users\\Claudio\\Documents\\nodejs\\07-NOC\\src\\domain\\use-cases\\email\\send-email-logs.ts","all":false,"statementMap":{"0":{"start":{"line":1,"column":0},"end":{"line":1,"column":74}},"1":{"start":{"line":2,"column":0},"end":{"line":2,"column":72}},"2":{"start":{"line":3,"column":0},"end":{"line":3,"column":64}},"3":{"start":{"line":4,"column":0},"end":{"line":4,"column":0}},"4":{"start":{"line":5,"column":0},"end":{"line":5,"column":0}},"5":{"start":{"line":6,"column":0},"end":{"line":6,"column":0}},"6":{"start":{"line":7,"column":0},"end":{"line":7,"column":31}},"7":{"start":{"line":8,"column":0},"end":{"line":8,"column":56}},"8":{"start":{"line":9,"column":0},"end":{"line":9,"column":1}},"9":{"start":{"line":10,"column":0},"end":{"line":10,"column":0}},"10":{"start":{"line":11,"column":0},"end":{"line":11,"column":59}},"11":{"start":{"line":12,"column":0},"end":{"line":12,"column":0}},"12":{"start":{"line":13,"column":0},"end":{"line":13,"column":16}},"13":{"start":{"line":14,"column":0},"end":{"line":14,"column":52}},"14":{"start":{"line":15,"column":0},"end":{"line":15,"column":54}},"15":{"start":{"line":16,"column":0},"end":{"line":16,"column":9}},"16":{"start":{"line":17,"column":0},"end":{"line":17,"column":0}},"17":{"start":{"line":18,"column":0},"end":{"line":18,"column":42}},"18":{"start":{"line":19,"column":0},"end":{"line":19,"column":0}},"19":{"start":{"line":20,"column":0},"end":{"line":20,"column":13}},"20":{"start":{"line":21,"column":0},"end":{"line":21,"column":81}},"21":{"start":{"line":22,"column":0},"end":{"line":22,"column":24}},"22":{"start":{"line":23,"column":0},"end":{"line":23,"column":54}},"23":{"start":{"line":24,"column":0},"end":{"line":24,"column":13}},"24":{"start":{"line":25,"column":0},"end":{"line":25,"column":0}},"25":{"start":{"line":26,"column":0},"end":{"line":26,"column":39}},"26":{"start":{"line":27,"column":0},"end":{"line":27,"column":42}},"27":{"start":{"line":28,"column":0},"end":{"line":28,"column":44}},"28":{"start":{"line":29,"column":0},"end":{"line":29,"column":45}},"29":{"start":{"line":30,"column":0},"end":{"line":30,"column":14}},"30":{"start":{"line":31,"column":0},"end":{"line":31,"column":44}},"31":{"start":{"line":32,"column":0},"end":{"line":32,"column":0}},"32":{"start":{"line":33,"column":0},"end":{"line":33,"column":24}},"33":{"start":{"line":34,"column":0},"end":{"line":34,"column":25}},"34":{"start":{"line":35,"column":0},"end":{"line":35,"column":0}},"35":{"start":{"line":36,"column":0},"end":{"line":36,"column":39}},"36":{"start":{"line":37,"column":0},"end":{"line":37,"column":36}},"37":{"start":{"line":38,"column":0},"end":{"line":38,"column":45}},"38":{"start":{"line":39,"column":0},"end":{"line":39,"column":45}},"39":{"start":{"line":40,"column":0},"end":{"line":40,"column":14}},"40":{"start":{"line":41,"column":0},"end":{"line":41,"column":44}},"41":{"start":{"line":42,"column":0},"end":{"line":42,"column":25}},"42":{"start":{"line":43,"column":0},"end":{"line":43,"column":9}},"43":{"start":{"line":44,"column":0},"end":{"line":44,"column":0}},"44":{"start":{"line":45,"column":0},"end":{"line":45,"column":5}},"45":{"start":{"line":46,"column":0},"end":{"line":46,"column":1}}},"s":{"0":1,"1":1,"2":1,"3":1,"4":1,"5":1,"6":1,"7":1,"8":1,"9":1,"10":1,"11":1,"12":1,"13":1,"14":1,"15":1,"16":1,"17":1,"18":2,"19":2,"20":2,"21":2,"22":1,"23":1,"24":1,"25":1,"26":1,"27":1,"28":1,"29":1,"30":1,"31":1,"32":1,"33":1,"34":1,"35":1,"36":1,"37":1,"38":1,"39":1,"40":1,"41":1,"42":1,"43":2,"44":2,"45":1},"branchMap":{"0":{"type":"branch","line":13,"loc":{"start":{"line":13,"column":4},"end":{"line":16,"column":9}},"locations":[{"start":{"line":13,"column":4},"end":{"line":16,"column":9}}]},"1":{"type":"branch","line":18,"loc":{"start":{"line":18,"column":10},"end":{"line":45,"column":5}},"locations":[{"start":{"line":18,"column":10},"end":{"line":45,"column":5}}]},"2":{"type":"branch","line":22,"loc":{"start":{"line":22,"column":23},"end":{"line":43,"column":9}},"locations":[{"start":{"line":22,"column":23},"end":{"line":43,"column":9}}]}},"b":{"0":[1],"1":[2],"2":[1]},"fnMap":{"0":{"name":"SendEmailLogs","decl":{"start":{"line":13,"column":4},"end":{"line":16,"column":9}},"loc":{"start":{"line":13,"column":4},"end":{"line":16,"column":9}},"line":13},"1":{"name":"execute","decl":{"start":{"line":18,"column":10},"end":{"line":45,"column":5}},"loc":{"start":{"line":18,"column":10},"end":{"line":45,"column":5}},"line":18}},"f":{"0":1,"1":2}}
,"C:\\Users\\Claudio\\Documents\\nodejs\\07-NOC\\src\\infrastructure\\datasources\\file-system.datasource.ts": {"path":"C:\\Users\\Claudio\\Documents\\nodejs\\07-NOC\\src\\infrastructure\\datasources\\file-system.datasource.ts","all":false,"statementMap":{"0":{"start":{"line":1,"column":0},"end":{"line":1,"column":20}},"1":{"start":{"line":2,"column":0},"end":{"line":2,"column":0}},"2":{"start":{"line":3,"column":0},"end":{"line":3,"column":72}},"3":{"start":{"line":4,"column":0},"end":{"line":4,"column":79}},"4":{"start":{"line":5,"column":0},"end":{"line":5,"column":0}},"5":{"start":{"line":6,"column":0},"end":{"line":6,"column":0}},"6":{"start":{"line":7,"column":0},"end":{"line":7,"column":0}},"7":{"start":{"line":8,"column":0},"end":{"line":8,"column":0}},"8":{"start":{"line":9,"column":0},"end":{"line":9,"column":60}},"9":{"start":{"line":10,"column":0},"end":{"line":10,"column":0}},"10":{"start":{"line":11,"column":0},"end":{"line":11,"column":39}},"11":{"start":{"line":12,"column":0},"end":{"line":12,"column":55}},"12":{"start":{"line":13,"column":0},"end":{"line":13,"column":61}},"13":{"start":{"line":14,"column":0},"end":{"line":14,"column":57}},"14":{"start":{"line":15,"column":0},"end":{"line":15,"column":0}},"15":{"start":{"line":16,"column":0},"end":{"line":16,"column":19}},"16":{"start":{"line":17,"column":0},"end":{"line":17,"column":31}},"17":{"start":{"line":18,"column":0},"end":{"line":18,"column":5}},"18":{"start":{"line":19,"column":0},"end":{"line":19,"column":0}},"19":{"start":{"line":20,"column":0},"end":{"line":20,"column":37}},"20":{"start":{"line":21,"column":0},"end":{"line":21,"column":43}},"21":{"start":{"line":22,"column":0},"end":{"line":22,"column":39}},"22":{"start":{"line":23,"column":0},"end":{"line":23,"column":9}},"23":{"start":{"line":24,"column":0},"end":{"line":24,"column":0}},"24":{"start":{"line":25,"column":0},"end":{"line":25,"column":9}},"25":{"start":{"line":26,"column":0},"end":{"line":26,"column":29}},"26":{"start":{"line":27,"column":0},"end":{"line":27,"column":32}},"27":{"start":{"line":28,"column":0},"end":{"line":28,"column":30}},"28":{"start":{"line":29,"column":0},"end":{"line":29,"column":27}},"29":{"start":{"line":30,"column":0},"end":{"line":30,"column":44}},"30":{"start":{"line":31,"column":0},"end":{"line":31,"column":0}},"31":{"start":{"line":32,"column":0},"end":{"line":32,"column":39}},"32":{"start":{"line":33,"column":0},"end":{"line":33,"column":10}},"33":{"start":{"line":34,"column":0},"end":{"line":34,"column":0}},"34":{"start":{"line":35,"column":0},"end":{"line":35,"column":5}},"35":{"start":{"line":36,"column":0},"end":{"line":36,"column":0}},"36":{"start":{"line":37,"column":0},"end":{"line":37,"column":53}},"37":{"start":{"line":38,"column":0},"end":{"line":38,"column":0}},"38":{"start":{"line":39,"column":0},"end":{"line":39,"column":34}},"39":{"start":{"line":40,"column":0},"end":{"line":40,"column":56}},"40":{"start":{"line":41,"column":0},"end":{"line":41,"column":0}},"41":{"start":{"line":42,"column":0},"end":{"line":42,"column":77}},"42":{"start":{"line":43,"column":0},"end":{"line":43,"column":54}},"43":{"start":{"line":44,"column":0},"end":{"line":44,"column":0}},"44":{"start":{"line":45,"column":0},"end":{"line":45,"column":58}},"45":{"start":{"line":46,"column":0},"end":{"line":46,"column":0}},"46":{"start":{"line":47,"column":0},"end":{"line":47,"column":55}},"47":{"start":{"line":48,"column":0},"end":{"line":48,"column":61}},"48":{"start":{"line":49,"column":0},"end":{"line":49,"column":16}},"49":{"start":{"line":50,"column":0},"end":{"line":50,"column":59}},"50":{"start":{"line":51,"column":0},"end":{"line":51,"column":9}},"51":{"start":{"line":52,"column":0},"end":{"line":52,"column":0}},"52":{"start":{"line":53,"column":0},"end":{"line":53,"column":5}},"53":{"start":{"line":54,"column":0},"end":{"line":54,"column":0}},"54":{"start":{"line":55,"column":0},"end":{"line":55,"column":0}},"55":{"start":{"line":56,"column":0},"end":{"line":56,"column":62}},"56":{"start":{"line":57,"column":0},"end":{"line":57,"column":55}},"57":{"start":{"line":58,"column":0},"end":{"line":58,"column":38}},"58":{"start":{"line":59,"column":0},"end":{"line":59,"column":0}},"59":{"start":{"line":60,"column":0},"end":{"line":60,"column":48}},"60":{"start":{"line":61,"column":0},"end":{"line":61,"column":45}},"61":{"start":{"line":62,"column":0},"end":{"line":62,"column":13}},"62":{"start":{"line":63,"column":0},"end":{"line":63,"column":64}},"63":{"start":{"line":64,"column":0},"end":{"line":64,"column":0}},"64":{"start":{"line":65,"column":0},"end":{"line":65,"column":20}},"65":{"start":{"line":66,"column":0},"end":{"line":66,"column":5}},"66":{"start":{"line":67,"column":0},"end":{"line":67,"column":0}},"67":{"start":{"line":68,"column":0},"end":{"line":68,"column":0}},"68":{"start":{"line":69,"column":0},"end":{"line":69,"column":74}},"69":{"start":{"line":70,"column":0},"end":{"line":70,"column":0}},"70":{"start":{"line":71,"column":0},"end":{"line":71,"column":32}},"71":{"start":{"line":72,"column":0},"end":{"line":72,"column":38}},"72":{"start":{"line":73,"column":0},"end":{"line":73,"column":62}},"73":{"start":{"line":74,"column":0},"end":{"line":74,"column":0}},"74":{"start":{"line":75,"column":0},"end":{"line":75,"column":41}},"75":{"start":{"line":76,"column":0},"end":{"line":76,"column":65}},"76":{"start":{"line":77,"column":0},"end":{"line":77,"column":0}},"77":{"start":{"line":78,"column":0},"end":{"line":78,"column":39}},"78":{"start":{"line":79,"column":0},"end":{"line":79,"column":63}},"79":{"start":{"line":80,"column":0},"end":{"line":80,"column":0}},"80":{"start":{"line":81,"column":0},"end":{"line":81,"column":20}},"81":{"start":{"line":82,"column":0},"end":{"line":82,"column":68}},"82":{"start":{"line":83,"column":0},"end":{"line":83,"column":0}},"83":{"start":{"line":84,"column":0},"end":{"line":84,"column":9}},"84":{"start":{"line":85,"column":0},"end":{"line":85,"column":0}},"85":{"start":{"line":86,"column":0},"end":{"line":86,"column":5}},"86":{"start":{"line":87,"column":0},"end":{"line":87,"column":0}},"87":{"start":{"line":88,"column":0},"end":{"line":88,"column":1}}},"s":{"0":1,"1":1,"2":1,"3":1,"4":1,"5":1,"6":1,"7":1,"8":1,"9":1,"10":1,"11":1,"12":1,"13":1,"14":1,"15":1,"16":5,"17":5,"18":1,"19":1,"20":5,"21":5,"22":5,"23":5,"24":5,"25":5,"26":5,"27":5,"28":5,"29":15,"30":15,"31":15,"32":5,"33":5,"34":5,"35":1,"36":1,"37":6,"38":6,"39":6,"40":6,"41":6,"42":6,"43":6,"44":6,"45":4,"46":6,"47":2,"48":2,"49":2,"50":2,"51":6,"52":6,"53":1,"54":1,"55":1,"56":1,"57":1,"58":1,"59":1,"60":1,"61":1,"62":1,"63":1,"64":1,"65":1,"66":1,"67":1,"68":1,"69":1,"70":1,"71":1,"72":1,"73":1,"74":1,"75":0,"76":1,"77":1,"78":0,"79":1,"80":1,"81":0,"82":1,"83":1,"84":1,"85":1,"86":1,"87":1},"branchMap":{"0":{"type":"branch","line":16,"loc":{"start":{"line":16,"column":4},"end":{"line":18,"column":5}},"locations":[{"start":{"line":16,"column":4},"end":{"line":18,"column":5}}]},"1":{"type":"branch","line":20,"loc":{"start":{"line":20,"column":30},"end":{"line":35,"column":5}},"locations":[{"start":{"line":20,"column":30},"end":{"line":35,"column":5}}]},"2":{"type":"branch","line":29,"loc":{"start":{"line":29,"column":18},"end":{"line":33,"column":9}},"locations":[{"start":{"line":29,"column":18},"end":{"line":33,"column":9}}]},"3":{"type":"branch","line":30,"loc":{"start":{"line":30,"column":37},"end":{"line":30,"column":44}},"locations":[{"start":{"line":30,"column":37},"end":{"line":30,"column":44}}]},"4":{"type":"branch","line":56,"loc":{"start":{"line":56,"column":30},"end":{"line":66,"column":5}},"locations":[{"start":{"line":56,"column":30},"end":{"line":66,"column":5}}]},"5":{"type":"branch","line":58,"loc":{"start":{"line":58,"column":28},"end":{"line":58,"column":38}},"locations":[{"start":{"line":58,"column":28},"end":{"line":58,"column":38}}]},"6":{"type":"branch","line":37,"loc":{"start":{"line":37,"column":10},"end":{"line":53,"column":5}},"locations":[{"start":{"line":37,"column":10},"end":{"line":53,"column":5}}]},"7":{"type":"branch","line":45,"loc":{"start":{"line":45,"column":51},"end":{"line":45,"column":58}},"locations":[{"start":{"line":45,"column":51},"end":{"line":45,"column":58}}]},"8":{"type":"branch","line":46,"loc":{"start":{"line":46,"column":-2},"end":{"line":47,"column":54}},"locations":[{"start":{"line":46,"column":-2},"end":{"line":47,"column":54}}]},"9":{"type":"branch","line":47,"loc":{"start":{"line":47,"column":54},"end":{"line":51,"column":9}},"locations":[{"start":{"line":47,"column":54},"end":{"line":51,"column":9}}]},"10":{"type":"branch","line":69,"loc":{"start":{"line":69,"column":10},"end":{"line":86,"column":5}},"locations":[{"start":{"line":69,"column":10},"end":{"line":86,"column":5}}]},"11":{"type":"branch","line":75,"loc":{"start":{"line":75,"column":12},"end":{"line":76,"column":65}},"locations":[{"start":{"line":75,"column":12},"end":{"line":76,"column":65}}]},"12":{"type":"branch","line":78,"loc":{"start":{"line":78,"column":12},"end":{"line":79,"column":63}},"locations":[{"start":{"line":78,"column":12},"end":{"line":79,"column":63}}]},"13":{"type":"branch","line":81,"loc":{"start":{"line":81,"column":12},"end":{"line":82,"column":68}},"locations":[{"start":{"line":81,"column":12},"end":{"line":82,"column":68}}]}},"b":{"0":[5],"1":[5],"2":[15],"3":[0],"4":[1],"5":[0],"6":[6],"7":[2],"8":[4],"9":[2],"10":[1],"11":[0],"12":[0],"13":[0]},"fnMap":{"0":{"name":"FileSystemDatasource","decl":{"start":{"line":16,"column":4},"end":{"line":18,"column":5}},"loc":{"start":{"line":16,"column":4},"end":{"line":18,"column":5}},"line":16},"1":{"name":"FileSystemDatasource.createLogsFiles","decl":{"start":{"line":20,"column":30},"end":{"line":35,"column":5}},"loc":{"start":{"line":20,"column":30},"end":{"line":35,"column":5}},"line":20},"2":{"name":"FileSystemDatasource.getLogsFromFile","decl":{"start":{"line":56,"column":30},"end":{"line":66,"column":5}},"loc":{"start":{"line":56,"column":30},"end":{"line":66,"column":5}},"line":56},"3":{"name":"saveLog","decl":{"start":{"line":37,"column":10},"end":{"line":53,"column":5}},"loc":{"start":{"line":37,"column":10},"end":{"line":53,"column":5}},"line":37},"4":{"name":"getlogs","decl":{"start":{"line":69,"column":10},"end":{"line":86,"column":5}},"loc":{"start":{"line":69,"column":10},"end":{"line":86,"column":5}},"line":69}},"f":{"0":5,"1":5,"2":1,"3":6,"4":1}}
,"C:\\Users\\Claudio\\Documents\\nodejs\\07-NOC\\src\\infrastructure\\datasources\\mongo-log.datasource.ts": {"path":"C:\\Users\\Claudio\\Documents\\nodejs\\07-NOC\\src\\infrastructure\\datasources\\mongo-log.datasource.ts","all":false,"statementMap":{"0":{"start":{"line":1,"column":0},"end":{"line":1,"column":44}},"1":{"start":{"line":2,"column":0},"end":{"line":2,"column":72}},"2":{"start":{"line":3,"column":0},"end":{"line":3,"column":79}},"3":{"start":{"line":4,"column":0},"end":{"line":4,"column":0}},"4":{"start":{"line":5,"column":0},"end":{"line":5,"column":0}},"5":{"start":{"line":6,"column":0},"end":{"line":6,"column":0}},"6":{"start":{"line":7,"column":0},"end":{"line":7,"column":0}},"7":{"start":{"line":8,"column":0},"end":{"line":8,"column":58}},"8":{"start":{"line":9,"column":0},"end":{"line":9,"column":50}},"9":{"start":{"line":10,"column":0},"end":{"line":10,"column":50}},"10":{"start":{"line":11,"column":0},"end":{"line":11,"column":31}},"11":{"start":{"line":12,"column":0},"end":{"line":12,"column":53}},"12":{"start":{"line":13,"column":0},"end":{"line":13,"column":5}},"13":{"start":{"line":14,"column":0},"end":{"line":14,"column":74}},"14":{"start":{"line":15,"column":0},"end":{"line":15,"column":0}},"15":{"start":{"line":16,"column":0},"end":{"line":16,"column":42}},"16":{"start":{"line":17,"column":0},"end":{"line":17,"column":32}},"17":{"start":{"line":18,"column":0},"end":{"line":18,"column":11}},"18":{"start":{"line":19,"column":0},"end":{"line":19,"column":0}},"19":{"start":{"line":20,"column":0},"end":{"line":20,"column":71}},"20":{"start":{"line":21,"column":0},"end":{"line":21,"column":46}},"21":{"start":{"line":22,"column":0},"end":{"line":22,"column":0}},"22":{"start":{"line":23,"column":0},"end":{"line":23,"column":5}},"23":{"start":{"line":24,"column":0},"end":{"line":24,"column":0}},"24":{"start":{"line":25,"column":0},"end":{"line":25,"column":1}}},"s":{"0":1,"1":1,"2":1,"3":1,"4":1,"5":1,"6":1,"7":1,"8":1,"9":2,"10":2,"11":2,"12":2,"13":1,"14":1,"15":1,"16":1,"17":1,"18":1,"19":1,"20":1,"21":1,"22":1,"23":1,"24":1},"branchMap":{"0":{"type":"branch","line":9,"loc":{"start":{"line":9,"column":10},"end":{"line":13,"column":5}},"locations":[{"start":{"line":9,"column":10},"end":{"line":13,"column":5}}]},"1":{"type":"branch","line":14,"loc":{"start":{"line":14,"column":10},"end":{"line":23,"column":5}},"locations":[{"start":{"line":14,"column":10},"end":{"line":23,"column":5}}]}},"b":{"0":[2],"1":[1]},"fnMap":{"0":{"name":"saveLog","decl":{"start":{"line":9,"column":10},"end":{"line":13,"column":5}},"loc":{"start":{"line":9,"column":10},"end":{"line":13,"column":5}},"line":9},"1":{"name":"getlogs","decl":{"start":{"line":14,"column":10},"end":{"line":23,"column":5}},"loc":{"start":{"line":14,"column":10},"end":{"line":23,"column":5}},"line":14}},"f":{"0":2,"1":1}}
}
